->
Backup iniciado: qui 24 out 2024 10:21:01 -03
  adding: home/figs/Documentos/ufla/SO/atividades/2/origem/ (stored 0%)
  adding: home/figs/Documentos/ufla/SO/atividades/2/origem/file.txt (deflated 9%)
  adding: home/figs/Documentos/ufla/SO/atividades/2/origem/outros/ (stored 0%)
  adding: home/figs/Documentos/ufla/SO/atividades/2/origem/outros/file.json (deflated 28%)
Backup concluído com sucesso: /home/figs/Documentos/ufla/SO/atividades/2/destino//backup_origem_2024-10-24_10-21-01.zip

->
Backup iniciado: qui 24 out 2024 10:22:01 -03
  adding: home/figs/Documentos/ufla/SO/atividades/2/origem/ (stored 0%)
  adding: home/figs/Documentos/ufla/SO/atividades/2/origem/file.txt (deflated 9%)
  adding: home/figs/Documentos/ufla/SO/atividades/2/origem/outros/ (stored 0%)
  adding: home/figs/Documentos/ufla/SO/atividades/2/origem/outros/file.json (deflated 28%)
Backup concluído com sucesso: /home/figs/Documentos/ufla/SO/atividades/2/destino//backup_origem_2024-10-24_10-22-01.zip

->
Backup iniciado: qui 24 out 2024 10:23:01 -03
  adding: home/figs/Documentos/ufla/SO/atividades/2/origem/ (stored 0%)
  adding: home/figs/Documentos/ufla/SO/atividades/2/origem/file.txt (deflated 9%)
  adding: home/figs/Documentos/ufla/SO/atividades/2/origem/outros/ (stored 0%)
  adding: home/figs/Documentos/ufla/SO/atividades/2/origem/outros/file.json (deflated 28%)
Backup concluído com sucesso: /home/figs/Documentos/ufla/SO/atividades/2/destino//backup_origem_2024-10-24_10-23-01.zip

->
Backup iniciado: qui 24 out 2024 10:24:01 -03
  adding: home/figs/Documentos/ufla/SO/atividades/2/origem/ (stored 0%)
  adding: home/figs/Documentos/ufla/SO/atividades/2/origem/file.txt (deflated 9%)
  adding: home/figs/Documentos/ufla/SO/atividades/2/origem/outros/ (stored 0%)
  adding: home/figs/Documentos/ufla/SO/atividades/2/origem/outros/file.json (deflated 28%)
Backup concluído com sucesso: /home/figs/Documentos/ufla/SO/atividades/2/destino//backup_origem_2024-10-24_10-24-01.zip

->
Backup iniciado: qui 24 out 2024 10:25:01 -03
  adding: home/figs/Documentos/ufla/SO/atividades/2/origem/ (stored 0%)
  adding: home/figs/Documentos/ufla/SO/atividades/2/origem/file.txt (deflated 9%)
  adding: home/figs/Documentos/ufla/SO/atividades/2/origem/outros/ (stored 0%)
  adding: home/figs/Documentos/ufla/SO/atividades/2/origem/outros/file.json (deflated 28%)
Backup concluído com sucesso: /home/figs/Documentos/ufla/SO/atividades/2/destino//backup_origem_2024-10-24_10-25-01.zip

->
Backup iniciado: qui 24 out 2024 10:26:01 -03
  adding: home/figs/Documentos/ufla/SO/atividades/2/origem/ (stored 0%)
  adding: home/figs/Documentos/ufla/SO/atividades/2/origem/file.txt (deflated 9%)
  adding: home/figs/Documentos/ufla/SO/atividades/2/origem/outros/ (stored 0%)
  adding: home/figs/Documentos/ufla/SO/atividades/2/origem/outros/file.json (deflated 28%)
Backup concluído com sucesso: /home/figs/Documentos/ufla/SO/atividades/2/destino//backup_origem_2024-10-24_10-26-01.zip

->
Backup iniciado: qui 24 out 2024 10:27:01 -03
  adding: home/figs/Documentos/ufla/SO/atividades/2/origem/ (stored 0%)
  adding: home/figs/Documentos/ufla/SO/atividades/2/origem/file.txt (deflated 9%)
  adding: home/figs/Documentos/ufla/SO/atividades/2/origem/outros/ (stored 0%)
  adding: home/figs/Documentos/ufla/SO/atividades/2/origem/outros/file.json (deflated 28%)
Backup concluído com sucesso: /home/figs/Documentos/ufla/SO/atividades/2/destino//backup_origem_2024-10-24_10-27-01.zip

->
Backup iniciado: qui 24 out 2024 10:28:01 -03
  adding: home/figs/Documentos/ufla/SO/atividades/2/origem/ (stored 0%)
  adding: home/figs/Documentos/ufla/SO/atividades/2/origem/file.txt (deflated 9%)
  adding: home/figs/Documentos/ufla/SO/atividades/2/origem/outros/ (stored 0%)
  adding: home/figs/Documentos/ufla/SO/atividades/2/origem/outros/file.json (deflated 28%)
Backup concluído com sucesso: /home/figs/Documentos/ufla/SO/atividades/2/destino//backup_origem_2024-10-24_10-28-01.zip

->
Backup iniciado: qui 24 out 2024 10:29:01 -03
  adding: home/figs/Documentos/ufla/SO/atividades/2/origem/ (stored 0%)
  adding: home/figs/Documentos/ufla/SO/atividades/2/origem/file.txt (deflated 9%)
  adding: home/figs/Documentos/ufla/SO/atividades/2/origem/outros/ (stored 0%)
  adding: home/figs/Documentos/ufla/SO/atividades/2/origem/outros/file.json (deflated 28%)
Backup concluído com sucesso: /home/figs/Documentos/ufla/SO/atividades/2/destino//backup_origem_2024-10-24_10-29-01.zip

->
Backup iniciado: qui 24 out 2024 10:30:01 -03
  adding: home/figs/Documentos/ufla/SO/atividades/2/origem/ (stored 0%)
  adding: home/figs/Documentos/ufla/SO/atividades/2/origem/file.txt (deflated 9%)
  adding: home/figs/Documentos/ufla/SO/atividades/2/origem/outros/ (stored 0%)
  adding: home/figs/Documentos/ufla/SO/atividades/2/origem/outros/file.json (deflated 28%)
Backup concluído com sucesso: /home/figs/Documentos/ufla/SO/atividades/2/destino//backup_origem_2024-10-24_10-30-01.zip

->
Backup iniciado: qui 24 out 2024 10:31:01 -03
  adding: home/figs/Documentos/ufla/SO/atividades/2/origem/ (stored 0%)
  adding: home/figs/Documentos/ufla/SO/atividades/2/origem/file.txt (deflated 9%)
  adding: home/figs/Documentos/ufla/SO/atividades/2/origem/outros/ (stored 0%)
  adding: home/figs/Documentos/ufla/SO/atividades/2/origem/outros/file.json (deflated 28%)
Backup concluído com sucesso: /home/figs/Documentos/ufla/SO/atividades/2/destino//backup_origem_2024-10-24_10-31-01.zip

->
Backup iniciado: qui 24 out 2024 10:32:01 -03
  adding: home/figs/Documentos/ufla/SO/atividades/2/origem/ (stored 0%)
  adding: home/figs/Documentos/ufla/SO/atividades/2/origem/file.txt (deflated 9%)
  adding: home/figs/Documentos/ufla/SO/atividades/2/origem/outros/ (stored 0%)
  adding: home/figs/Documentos/ufla/SO/atividades/2/origem/outros/file.json (deflated 28%)
Backup concluído com sucesso: /home/figs/Documentos/ufla/SO/atividades/2/destino//backup_origem_2024-10-24_10-32-01.zip

->
Backup iniciado: qui 24 out 2024 10:33:01 -03
  adding: home/figs/Documentos/ufla/SO/atividades/2/origem/ (stored 0%)
  adding: home/figs/Documentos/ufla/SO/atividades/2/origem/file.txt (deflated 9%)
  adding: home/figs/Documentos/ufla/SO/atividades/2/origem/outros/ (stored 0%)
  adding: home/figs/Documentos/ufla/SO/atividades/2/origem/outros/file.json (deflated 28%)
Backup concluído com sucesso: /home/figs/Documentos/ufla/SO/atividades/2/destino//backup_origem_2024-10-24_10-33-01.zip

